<?xml version="1.0" encoding="UTF-8"?>
<coverage generated="1534831558">
  <project timestamp="1534831558">
    <package name="Modules\Company\Controllers">
      <file name="D:\Projects\vericheckdemo\workspace\modules\company\src/Controllers/CompanyAddressController.php">
        <class name="Modules\Company\Controllers\CompanyAddressController" namespace="Modules\Company\Controllers" fullPackage="Company" category="Controller" package="Company">
          <metrics complexity="7" methods="7" coveredmethods="4" conditionals="0" coveredconditionals="0" statements="12" coveredstatements="9" elements="19" coveredelements="13"/>
        </class>
        <line num="88" type="method" name="__construct" visibility="public" complexity="1" crap="1" count="2"/>
        <line num="90" type="stmt" count="2"/>
        <line num="91" type="stmt" count="2"/>
        <line num="92" type="stmt" count="2"/>
        <line num="93" type="stmt" count="2"/>
        <line num="95" type="stmt" count="2"/>
        <line num="96" type="stmt" count="2"/>
        <line num="219" type="method" name="index" visibility="public" complexity="1" crap="2" count="0"/>
        <line num="221" type="stmt" count="0"/>
        <line num="232" type="method" name="listAddress" visibility="public" complexity="1" crap="2" count="0"/>
        <line num="234" type="stmt" count="0"/>
        <line num="322" type="method" name="show" visibility="public" complexity="1" crap="2" count="0"/>
        <line num="324" type="stmt" count="0"/>
        <line num="402" type="method" name="store" visibility="public" complexity="1" crap="1" count="2"/>
        <line num="404" type="stmt" count="2"/>
        <line num="497" type="method" name="update" visibility="public" complexity="1" crap="1" count="2"/>
        <line num="499" type="stmt" count="2"/>
        <line num="589" type="method" name="destroy" visibility="public" complexity="1" crap="1" count="2"/>
        <line num="591" type="stmt" count="2"/>
        <metrics loc="593" ncloc="80" classes="1" methods="7" coveredmethods="4" conditionals="0" coveredconditionals="0" statements="12" coveredstatements="9" elements="19" coveredelements="13"/>
      </file>
      <file name="D:\Projects\vericheckdemo\workspace\modules\company\src/Controllers/CompanyAddressWebController.php">
        <class name="Modules\Company\Controllers\CompanyAddressWebController" namespace="Modules\Company\Controllers" fullPackage="Company" category="Controller" package="Company">
          <metrics complexity="19" methods="9" coveredmethods="0" conditionals="0" coveredconditionals="0" statements="96" coveredstatements="0" elements="105" coveredelements="0"/>
        </class>
        <line num="58" type="method" name="__construct" visibility="public" complexity="1" crap="2" count="0"/>
        <line num="60" type="stmt" count="0"/>
        <line num="61" type="stmt" count="0"/>
        <line num="62" type="stmt" count="0"/>
        <line num="75" type="method" name="index" visibility="public" complexity="1" crap="2" count="0"/>
        <line num="79" type="stmt" count="0"/>
        <line num="85" type="stmt" count="0"/>
        <line num="88" type="stmt" count="0"/>
        <line num="90" type="stmt" count="0"/>
        <line num="92" type="stmt" count="0"/>
        <line num="103" type="method" name="getAddresses" visibility="public" complexity="6" crap="42" count="0"/>
        <line num="109" type="stmt" count="0"/>
        <line num="110" type="stmt" count="0"/>
        <line num="111" type="stmt" count="0"/>
        <line num="112" type="stmt" count="0"/>
        <line num="113" type="stmt" count="0"/>
        <line num="114" type="stmt" count="0"/>
        <line num="115" type="stmt" count="0"/>
        <line num="116" type="stmt" count="0"/>
        <line num="117" type="stmt" count="0"/>
        <line num="118" type="stmt" count="0"/>
        <line num="119" type="stmt" count="0"/>
        <line num="121" type="stmt" count="0"/>
        <line num="125" type="stmt" count="0"/>
        <line num="126" type="stmt" count="0"/>
        <line num="130" type="stmt" count="0"/>
        <line num="131" type="stmt" count="0"/>
        <line num="132" type="stmt" count="0"/>
        <line num="133" type="stmt" count="0"/>
        <line num="134" type="stmt" count="0"/>
        <line num="135" type="stmt" count="0"/>
        <line num="136" type="stmt" count="0"/>
        <line num="137" type="stmt" count="0"/>
        <line num="138" type="stmt" count="0"/>
        <line num="139" type="stmt" count="0"/>
        <line num="140" type="stmt" count="0"/>
        <line num="141" type="stmt" count="0"/>
        <line num="143" type="stmt" count="0"/>
        <line num="145" type="stmt" count="0"/>
        <line num="146" type="stmt" count="0"/>
        <line num="147" type="stmt" count="0"/>
        <line num="149" type="stmt" count="0"/>
        <line num="150" type="stmt" count="0"/>
        <line num="151" type="stmt" count="0"/>
        <line num="152" type="stmt" count="0"/>
        <line num="153" type="stmt" count="0"/>
        <line num="154" type="stmt" count="0"/>
        <line num="155" type="stmt" count="0"/>
        <line num="156" type="stmt" count="0"/>
        <line num="158" type="stmt" count="0"/>
        <line num="168" type="method" name="addAddress" visibility="public" complexity="1" crap="2" count="0"/>
        <line num="170" type="stmt" count="0"/>
        <line num="171" type="stmt" count="0"/>
        <line num="183" type="method" name="editAddress" visibility="public" complexity="2" crap="6" count="0"/>
        <line num="185" type="stmt" count="0"/>
        <line num="187" type="stmt" count="0"/>
        <line num="188" type="stmt" count="0"/>
        <line num="190" type="stmt" count="0"/>
        <line num="191" type="stmt" count="0"/>
        <line num="192" type="stmt" count="0"/>
        <line num="193" type="stmt" count="0"/>
        <line num="194" type="stmt" count="0"/>
        <line num="196" type="stmt" count="0"/>
        <line num="205" type="method" name="storeAddress" visibility="public" complexity="2" crap="6" count="0"/>
        <line num="208" type="stmt" count="0"/>
        <line num="209" type="stmt" count="0"/>
        <line num="210" type="stmt" count="0"/>
        <line num="211" type="stmt" count="0"/>
        <line num="214" type="stmt" count="0"/>
        <line num="215" type="stmt" count="0"/>
        <line num="217" type="stmt" count="0"/>
        <line num="218" type="stmt" count="0"/>
        <line num="219" type="stmt" count="0"/>
        <line num="220" type="stmt" count="0"/>
        <line num="221" type="stmt" count="0"/>
        <line num="222" type="stmt" count="0"/>
        <line num="233" type="method" name="handleError" visibility="public" complexity="2" crap="6" count="0"/>
        <line num="235" type="stmt" count="0"/>
        <line num="236" type="stmt" count="0"/>
        <line num="239" type="stmt" count="0"/>
        <line num="249" type="method" name="updateAddress" visibility="public" complexity="2" crap="6" count="0"/>
        <line num="251" type="stmt" count="0"/>
        <line num="252" type="stmt" count="0"/>
        <line num="253" type="stmt" count="0"/>
        <line num="254" type="stmt" count="0"/>
        <line num="255" type="stmt" count="0"/>
        <line num="258" type="stmt" count="0"/>
        <line num="259" type="stmt" count="0"/>
        <line num="260" type="stmt" count="0"/>
        <line num="261" type="stmt" count="0"/>
        <line num="262" type="stmt" count="0"/>
        <line num="263" type="stmt" count="0"/>
        <line num="264" type="stmt" count="0"/>
        <line num="266" type="stmt" count="0"/>
        <line num="267" type="stmt" count="0"/>
        <line num="269" type="stmt" count="0"/>
        <line num="270" type="stmt" count="0"/>
        <line num="282" type="method" name="deleteAddress" visibility="public" complexity="2" crap="6" count="0"/>
        <line num="284" type="stmt" count="0"/>
        <line num="286" type="stmt" count="0"/>
        <line num="288" type="stmt" count="0"/>
        <line num="289" type="stmt" count="0"/>
        <line num="290" type="stmt" count="0"/>
        <line num="291" type="stmt" count="0"/>
        <line num="293" type="stmt" count="0"/>
        <metrics loc="294" ncloc="169" classes="1" methods="9" coveredmethods="0" conditionals="0" coveredconditionals="0" statements="96" coveredstatements="0" elements="105" coveredelements="0"/>
      </file>
      <file name="D:\Projects\vericheckdemo\workspace\modules\company\src/Controllers/CompanyController.php">
        <class name="Modules\Company\Controllers\CompanyController" namespace="Modules\Company\Controllers" fullPackage="Company" category="Controller" package="Company">
          <metrics complexity="9" methods="9" coveredmethods="3" conditionals="0" coveredconditionals="0" statements="14" coveredstatements="6" elements="23" coveredelements="9"/>
        </class>
        <line num="82" type="method" name="__construct" visibility="public" complexity="1" crap="1" count="2"/>
        <line num="84" type="stmt" count="2"/>
        <line num="85" type="stmt" count="2"/>
        <line num="86" type="stmt" count="2"/>
        <line num="87" type="stmt" count="2"/>
        <line num="207" type="method" name="index" visibility="public" complexity="1" crap="2" count="0"/>
        <line num="209" type="stmt" count="0"/>
        <line num="278" type="method" name="store" visibility="public" complexity="1" crap="1" count="2"/>
        <line num="280" type="stmt" count="2"/>
        <line num="364" type="method" name="update" visibility="public" complexity="1" crap="1" count="1"/>
        <line num="366" type="stmt" count="1"/>
        <line num="442" type="method" name="activate" visibility="public" complexity="1" crap="2" count="0"/>
        <line num="444" type="stmt" count="0"/>
        <line num="528" type="method" name="deactivate" visibility="public" complexity="1" crap="2" count="0"/>
        <line num="530" type="stmt" count="0"/>
        <line num="605" type="method" name="show" visibility="public" complexity="1" crap="2" count="0"/>
        <line num="607" type="stmt" count="0"/>
        <line num="621" type="method" name="_setToken" visibility="private" complexity="1" crap="2" count="0"/>
        <line num="623" type="stmt" count="0"/>
        <line num="625" type="stmt" count="0"/>
        <line num="639" type="method" name="_getToken" visibility="private" complexity="1" crap="2" count="0"/>
        <line num="641" type="stmt" count="0"/>
        <line num="643" type="stmt" count="0"/>
        <metrics loc="645" ncloc="85" classes="1" methods="9" coveredmethods="3" conditionals="0" coveredconditionals="0" statements="14" coveredstatements="6" elements="23" coveredelements="9"/>
      </file>
      <file name="D:\Projects\vericheckdemo\workspace\modules\company\src/Controllers/CompanyWebController.php">
        <class name="Modules\Company\Controllers\CompanyWebController" namespace="Modules\Company\Controllers" fullPackage="Company" category="Controller" package="Company">
          <metrics complexity="0" methods="0" coveredmethods="0" conditionals="0" coveredconditionals="0" statements="0" coveredstatements="0" elements="0" coveredelements="0"/>
        </class>
        <metrics loc="45" ncloc="10" classes="0" methods="0" coveredmethods="0" conditionals="0" coveredconditionals="0" statements="0" coveredstatements="0" elements="0" coveredelements="0"/>
      </file>
    </package>
    <package name="Modules\Company\Models">
      <file name="D:\Projects\vericheckdemo\workspace\modules\company\src/Models/Address.php">
        <class name="Modules\Company\Models\Address" namespace="Modules\Company\Models" fullPackage="Company" category="Model" package="Company">
          <metrics complexity="1" methods="1" coveredmethods="1" conditionals="0" coveredconditionals="0" statements="4" coveredstatements="4" elements="5" coveredelements="5"/>
        </class>
        <line num="103" type="method" name="__construct" visibility="public" complexity="1" crap="1" count="2"/>
        <line num="105" type="stmt" count="2"/>
        <line num="108" type="stmt" count="2"/>
        <line num="109" type="stmt" count="2"/>
        <line num="110" type="stmt" count="2"/>
        <metrics loc="111" ncloc="63" classes="1" methods="1" coveredmethods="1" conditionals="0" coveredconditionals="0" statements="4" coveredstatements="4" elements="5" coveredelements="5"/>
      </file>
      <file name="D:\Projects\vericheckdemo\workspace\modules\company\src/Models/Company.php">
        <class name="Modules\Company\Models\Company" namespace="Modules\Company\Models" fullPackage="Company" category="Model" package="Company">
          <metrics complexity="1" methods="1" coveredmethods="1" conditionals="0" coveredconditionals="0" statements="4" coveredstatements="4" elements="5" coveredelements="5"/>
        </class>
        <line num="107" type="method" name="__construct" visibility="public" complexity="1" crap="1" count="3"/>
        <line num="109" type="stmt" count="3"/>
        <line num="112" type="stmt" count="3"/>
        <line num="114" type="stmt" count="3"/>
        <line num="115" type="stmt" count="3"/>
        <metrics loc="116" ncloc="64" classes="1" methods="1" coveredmethods="1" conditionals="0" coveredconditionals="0" statements="4" coveredstatements="4" elements="5" coveredelements="5"/>
      </file>
      <file name="D:\Projects\vericheckdemo\workspace\modules\company\src/Models/CompanyAddress.php">
        <class name="Modules\Company\Models\CompanyAddress" namespace="Modules\Company\Models" fullPackage="Company" category="Model" package="Company">
          <metrics complexity="1" methods="1" coveredmethods="1" conditionals="0" coveredconditionals="0" statements="4" coveredstatements="4" elements="5" coveredelements="5"/>
        </class>
        <line num="67" type="method" name="__construct" visibility="public" complexity="1" crap="1" count="2"/>
        <line num="69" type="stmt" count="2"/>
        <line num="71" type="stmt" count="2"/>
        <line num="72" type="stmt" count="2"/>
        <line num="73" type="stmt" count="2"/>
        <metrics loc="74" ncloc="26" classes="1" methods="1" coveredmethods="1" conditionals="0" coveredconditionals="0" statements="4" coveredstatements="4" elements="5" coveredelements="5"/>
      </file>
    </package>
    <package name="Modules\Company\Repositories">
      <file name="D:\Projects\vericheckdemo\workspace\modules\company\src/Repositories/AddressRepository.php">
        <class name="Modules\Company\Repositories\AddressRepository" namespace="Modules\Company\Repositories" fullPackage="AddressRepository" category="Repository" package="AddressRepository">
          <metrics complexity="12" methods="12" coveredmethods="4" conditionals="0" coveredconditionals="0" statements="18" coveredstatements="6" elements="30" coveredelements="10"/>
        </class>
        <line num="61" type="method" name="__construct" visibility="public" complexity="1" crap="1" count="2"/>
        <line num="63" type="stmt" count="2"/>
        <line num="64" type="stmt" count="2"/>
        <line num="77" type="method" name="all" visibility="public" complexity="1" crap="2" count="0"/>
        <line num="79" type="stmt" count="0"/>
        <line num="93" type="method" name="save" visibility="public" complexity="1" crap="1" count="2"/>
        <line num="95" type="stmt" count="2"/>
        <line num="110" type="method" name="update" visibility="public" complexity="1" crap="1" count="1"/>
        <line num="112" type="stmt" count="1"/>
        <line num="113" type="stmt" count="1"/>
        <line num="127" type="method" name="findBy" visibility="public" complexity="1" crap="2" count="0"/>
        <line num="129" type="stmt" count="0"/>
        <line num="143" type="method" name="findOne" visibility="public" complexity="1" crap="2" count="0"/>
        <line num="145" type="stmt" count="0"/>
        <line num="159" type="method" name="delete" visibility="public" complexity="1" crap="1" count="1"/>
        <line num="161" type="stmt" count="1"/>
        <line num="175" type="method" name="findOneBy" visibility="public" complexity="1" crap="2" count="0"/>
        <line num="177" type="stmt" count="0"/>
        <line num="192" type="method" name="findIn" visibility="public" complexity="1" crap="2" count="0"/>
        <line num="194" type="stmt" count="0"/>
        <line num="206" type="method" name="getTableName" visibility="public" complexity="1" crap="2" count="0"/>
        <line num="208" type="stmt" count="0"/>
        <line num="222" type="method" name="getAllAddressesByContactId" visibility="public" complexity="1" crap="2" count="0"/>
        <line num="224" type="stmt" count="0"/>
        <line num="226" type="stmt" count="0"/>
        <line num="228" type="stmt" count="0"/>
        <line num="242" type="method" name="getAllAddressesByCompanyId" visibility="public" complexity="1" crap="2" count="0"/>
        <line num="244" type="stmt" count="0"/>
        <line num="246" type="stmt" count="0"/>
        <line num="248" type="stmt" count="0"/>
        <metrics loc="250" ncloc="83" classes="1" methods="12" coveredmethods="4" conditionals="0" coveredconditionals="0" statements="18" coveredstatements="6" elements="30" coveredelements="10"/>
      </file>
      <file name="D:\Projects\vericheckdemo\workspace\modules\company\src/Repositories/AmendmentNoteRepository.php">
        <class name="Modules\Company\Repositories\AmendmentNoteRepository" namespace="Modules\Company\Repositories" fullPackage="Company" category="Repository" package="Company">
          <metrics complexity="13" methods="11" coveredmethods="0" conditionals="0" coveredconditionals="0" statements="20" coveredstatements="0" elements="31" coveredelements="0"/>
        </class>
        <line num="60" type="method" name="__construct" visibility="public" complexity="1" crap="2" count="0"/>
        <line num="62" type="stmt" count="0"/>
        <line num="63" type="stmt" count="0"/>
        <line num="76" type="method" name="all" visibility="public" complexity="1" crap="2" count="0"/>
        <line num="78" type="stmt" count="0"/>
        <line num="92" type="method" name="save" visibility="public" complexity="1" crap="2" count="0"/>
        <line num="94" type="stmt" count="0"/>
        <line num="109" type="method" name="update" visibility="public" complexity="3" crap="12" count="0"/>
        <line num="111" type="stmt" count="0"/>
        <line num="112" type="stmt" count="0"/>
        <line num="113" type="stmt" count="0"/>
        <line num="114" type="stmt" count="0"/>
        <line num="118" type="stmt" count="0"/>
        <line num="120" type="stmt" count="0"/>
        <line num="122" type="stmt" count="0"/>
        <line num="136" type="method" name="findBy" visibility="public" complexity="1" crap="2" count="0"/>
        <line num="138" type="stmt" count="0"/>
        <line num="152" type="method" name="findOne" visibility="public" complexity="1" crap="2" count="0"/>
        <line num="154" type="stmt" count="0"/>
        <line num="168" type="method" name="delete" visibility="public" complexity="1" crap="2" count="0"/>
        <line num="170" type="stmt" count="0"/>
        <line num="184" type="method" name="findOneBy" visibility="public" complexity="1" crap="2" count="0"/>
        <line num="186" type="stmt" count="0"/>
        <line num="201" type="method" name="findIn" visibility="public" complexity="1" crap="2" count="0"/>
        <line num="203" type="stmt" count="0"/>
        <line num="215" type="method" name="getTableName" visibility="public" complexity="1" crap="2" count="0"/>
        <line num="217" type="stmt" count="0"/>
        <line num="231" type="method" name="getNotes" visibility="public" complexity="1" crap="2" count="0"/>
        <line num="233" type="stmt" count="0"/>
        <line num="234" type="stmt" count="0"/>
        <line num="236" type="stmt" count="0"/>
        <metrics loc="238" ncloc="82" classes="1" methods="11" coveredmethods="0" conditionals="0" coveredconditionals="0" statements="20" coveredstatements="0" elements="31" coveredelements="0"/>
      </file>
      <file name="D:\Projects\vericheckdemo\workspace\modules\company\src/Repositories/CompanyRepository.php">
        <class name="Modules\Company\Repositories\CompanyRepository" namespace="Modules\Company\Repositories" fullPackage="CompanyRepository" category="Repository" package="CompanyRepository">
          <metrics complexity="9" methods="9" coveredmethods="4" conditionals="0" coveredconditionals="0" statements="11" coveredstatements="6" elements="20" coveredelements="10"/>
        </class>
        <line num="59" type="method" name="__construct" visibility="public" complexity="1" crap="1" count="3"/>
        <line num="61" type="stmt" count="3"/>
        <line num="62" type="stmt" count="3"/>
        <line num="75" type="method" name="all" visibility="public" complexity="1" crap="2" count="0"/>
        <line num="77" type="stmt" count="0"/>
        <line num="91" type="method" name="save" visibility="public" complexity="1" crap="1" count="2"/>
        <line num="93" type="stmt" count="2"/>
        <line num="108" type="method" name="update" visibility="public" complexity="1" crap="1" count="1"/>
        <line num="110" type="stmt" count="1"/>
        <line num="111" type="stmt" count="1"/>
        <line num="125" type="method" name="findOne" visibility="public" complexity="1" crap="2" count="0"/>
        <line num="127" type="stmt" count="0"/>
        <line num="141" type="method" name="delete" visibility="public" complexity="1" crap="2" count="0"/>
        <line num="143" type="stmt" count="0"/>
        <line num="157" type="method" name="findOneBy" visibility="public" complexity="1" crap="2" count="0"/>
        <line num="159" type="stmt" count="0"/>
        <line num="174" type="method" name="findIn" visibility="public" complexity="1" crap="2" count="0"/>
        <line num="176" type="stmt" count="0"/>
        <line num="188" type="method" name="getTableName" visibility="public" complexity="1" crap="1" count="2"/>
        <line num="190" type="stmt" count="2"/>
        <metrics loc="192" ncloc="58" classes="1" methods="9" coveredmethods="4" conditionals="0" coveredconditionals="0" statements="11" coveredstatements="6" elements="20" coveredelements="10"/>
      </file>
    </package>
    <file name="D:\Projects\vericheckdemo\workspace\modules\company\src/Repositories/Contracts/AddressInterface.php">
      <metrics loc="56" ncloc="12" classes="0" methods="0" coveredmethods="0" conditionals="0" coveredconditionals="0" statements="0" coveredstatements="0" elements="0" coveredelements="0"/>
    </file>
    <file name="D:\Projects\vericheckdemo\workspace\modules\company\src/Repositories/Contracts/AmendmentNoteInterface.php">
      <metrics loc="54" ncloc="10" classes="0" methods="0" coveredmethods="0" conditionals="0" coveredconditionals="0" statements="0" coveredstatements="0" elements="0" coveredelements="0"/>
    </file>
    <file name="D:\Projects\vericheckdemo\workspace\modules\company\src/Repositories/Contracts/AssignBankInterface.php">
      <metrics loc="54" ncloc="10" classes="0" methods="0" coveredmethods="0" conditionals="0" coveredconditionals="0" statements="0" coveredstatements="0" elements="0" coveredelements="0"/>
    </file>
    <file name="D:\Projects\vericheckdemo\workspace\modules\company\src/Repositories/Contracts/AssignFeeInterface.php">
      <metrics loc="54" ncloc="10" classes="0" methods="0" coveredmethods="0" conditionals="0" coveredconditionals="0" statements="0" coveredstatements="0" elements="0" coveredelements="0"/>
    </file>
    <file name="D:\Projects\vericheckdemo\workspace\modules\company\src/Repositories/Contracts/AssignGroupInterface.php">
      <metrics loc="69" ncloc="12" classes="0" methods="0" coveredmethods="0" conditionals="0" coveredconditionals="0" statements="0" coveredstatements="0" elements="0" coveredelements="0"/>
    </file>
    <file name="D:\Projects\vericheckdemo\workspace\modules\company\src/Repositories/Contracts/BusinessInfoInterface.php">
      <metrics loc="54" ncloc="10" classes="0" methods="0" coveredmethods="0" conditionals="0" coveredconditionals="0" statements="0" coveredstatements="0" elements="0" coveredelements="0"/>
    </file>
    <file name="D:\Projects\vericheckdemo\workspace\modules\company\src/Repositories/Contracts/CompanyAddressInterface.php">
      <metrics loc="56" ncloc="12" classes="0" methods="0" coveredmethods="0" conditionals="0" coveredconditionals="0" statements="0" coveredstatements="0" elements="0" coveredelements="0"/>
    </file>
    <file name="D:\Projects\vericheckdemo\workspace\modules\company\src/Repositories/Contracts/CompanyInterface.php">
      <metrics loc="56" ncloc="12" classes="0" methods="0" coveredmethods="0" conditionals="0" coveredconditionals="0" statements="0" coveredstatements="0" elements="0" coveredelements="0"/>
    </file>
    <file name="D:\Projects\vericheckdemo\workspace\modules\company\src/Repositories/Contracts/ContactAddressInterface.php">
      <metrics loc="56" ncloc="12" classes="0" methods="0" coveredmethods="0" conditionals="0" coveredconditionals="0" statements="0" coveredstatements="0" elements="0" coveredelements="0"/>
    </file>
    <file name="D:\Projects\vericheckdemo\workspace\modules\company\src/Repositories/Contracts/ContactInterface.php">
      <metrics loc="56" ncloc="12" classes="0" methods="0" coveredmethods="0" conditionals="0" coveredconditionals="0" statements="0" coveredstatements="0" elements="0" coveredelements="0"/>
    </file>
    <file name="D:\Projects\vericheckdemo\workspace\modules\company\src/Repositories/Contracts/FundSecurityInterface.php">
      <metrics loc="54" ncloc="10" classes="0" methods="0" coveredmethods="0" conditionals="0" coveredconditionals="0" statements="0" coveredstatements="0" elements="0" coveredelements="0"/>
    </file>
    <file name="D:\Projects\vericheckdemo\workspace\modules\company\src/Repositories/Contracts/InformationInterface.php">
      <metrics loc="54" ncloc="10" classes="0" methods="0" coveredmethods="0" conditionals="0" coveredconditionals="0" statements="0" coveredstatements="0" elements="0" coveredelements="0"/>
    </file>
    <file name="D:\Projects\vericheckdemo\workspace\modules\company\src/Repositories/Contracts/MarketingInterface.php">
      <metrics loc="54" ncloc="10" classes="0" methods="0" coveredmethods="0" conditionals="0" coveredconditionals="0" statements="0" coveredstatements="0" elements="0" coveredelements="0"/>
    </file>
    <file name="D:\Projects\vericheckdemo\workspace\modules\company\src/Repositories/Contracts/PortfolioInterface.php">
      <metrics loc="54" ncloc="10" classes="0" methods="0" coveredmethods="0" conditionals="0" coveredconditionals="0" statements="0" coveredstatements="0" elements="0" coveredelements="0"/>
    </file>
    <file name="D:\Projects\vericheckdemo\workspace\modules\company\src/Repositories/Contracts/PrincipalInterface.php">
      <metrics loc="44" ncloc="9" classes="0" methods="0" coveredmethods="0" conditionals="0" coveredconditionals="0" statements="0" coveredstatements="0" elements="0" coveredelements="0"/>
    </file>
    <file name="D:\Projects\vericheckdemo\workspace\modules\company\src/Repositories/Contracts/ReferencesInterface.php">
      <metrics loc="44" ncloc="9" classes="0" methods="0" coveredmethods="0" conditionals="0" coveredconditionals="0" statements="0" coveredstatements="0" elements="0" coveredelements="0"/>
    </file>
    <file name="D:\Projects\vericheckdemo\workspace\modules\company\src/Repositories/Contracts/TieredPricingInterface.php">
      <metrics loc="54" ncloc="10" classes="0" methods="0" coveredmethods="0" conditionals="0" coveredconditionals="0" statements="0" coveredstatements="0" elements="0" coveredelements="0"/>
    </file>
    <package name="Modules\Company\Tests\CompanyAddressTest">
      <file name="D:\Projects\vericheckdemo\workspace\modules\company\src/Tests/CompanyAddressTest.php">
        <class name="Modules\Company\Tests\CompanyAddressTest\CompanyAddressTest" namespace="Modules\Company\Tests\CompanyAddressTest" fullPackage="Address" category="TestCase" package="Address">
          <metrics complexity="7" methods="7" coveredmethods="7" conditionals="0" coveredconditionals="0" statements="54" coveredstatements="54" elements="61" coveredelements="61"/>
        </class>
        <line num="68" type="method" name="setup" visibility="public" complexity="1" crap="1" count="2"/>
        <line num="70" type="stmt" count="2"/>
        <line num="71" type="stmt" count="2"/>
        <line num="72" type="stmt" count="2"/>
        <line num="83" type="method" name="testCRUDAddressApi" visibility="public" complexity="1" crap="1" count="1"/>
        <line num="85" type="stmt" count="1"/>
        <line num="86" type="stmt" count="1"/>
        <line num="87" type="stmt" count="1"/>
        <line num="88" type="stmt" count="1"/>
        <line num="90" type="stmt" count="1"/>
        <line num="92" type="stmt" count="1"/>
        <line num="93" type="stmt" count="1"/>
        <line num="94" type="stmt" count="1"/>
        <line num="96" type="stmt" count="1"/>
        <line num="97" type="stmt" count="1"/>
        <line num="99" type="stmt" count="1"/>
        <line num="100" type="stmt" count="1"/>
        <line num="101" type="stmt" count="1"/>
        <line num="102" type="stmt" count="1"/>
        <line num="113" type="method" name="testCRUDAddressFail" visibility="public" complexity="1" crap="1" count="1"/>
        <line num="115" type="stmt" count="1"/>
        <line num="116" type="stmt" count="1"/>
        <line num="117" type="stmt" count="1"/>
        <line num="118" type="stmt" count="1"/>
        <line num="119" type="stmt" count="1"/>
        <line num="120" type="stmt" count="1"/>
        <line num="122" type="stmt" count="1"/>
        <line num="127" type="stmt" count="1"/>
        <line num="128" type="stmt" count="1"/>
        <line num="129" type="stmt" count="1"/>
        <line num="130" type="stmt" count="1"/>
        <line num="132" type="stmt" count="1"/>
        <line num="133" type="stmt" count="1"/>
        <line num="134" type="stmt" count="1"/>
        <line num="135" type="stmt" count="1"/>
        <line num="137" type="stmt" count="1"/>
        <line num="138" type="stmt" count="1"/>
        <line num="139" type="stmt" count="1"/>
        <line num="140" type="stmt" count="1"/>
        <line num="153" type="method" name="_addAddress" visibility="private" complexity="1" crap="1" count="2"/>
        <line num="155" type="stmt" count="2"/>
        <line num="156" type="stmt" count="2"/>
        <line num="157" type="stmt" count="2"/>
        <line num="158" type="stmt" count="2"/>
        <line num="173" type="method" name="_updateAddress" visibility="private" complexity="1" crap="1" count="2"/>
        <line num="176" type="stmt" count="2"/>
        <line num="177" type="stmt" count="2"/>
        <line num="178" type="stmt" count="2"/>
        <line num="179" type="stmt" count="2"/>
        <line num="180" type="stmt" count="2"/>
        <line num="181" type="stmt" count="2"/>
        <line num="182" type="stmt" count="2"/>
        <line num="183" type="stmt" count="2"/>
        <line num="198" type="method" name="_deleteAddress" visibility="private" complexity="1" crap="1" count="2"/>
        <line num="200" type="stmt" count="2"/>
        <line num="201" type="stmt" count="2"/>
        <line num="202" type="stmt" count="2"/>
        <line num="214" type="method" name="_getFakeAddrId" visibility="private" complexity="1" crap="1" count="1"/>
        <line num="216" type="stmt" count="1"/>
        <line num="217" type="stmt" count="1"/>
        <line num="218" type="stmt" count="1"/>
        <metrics loc="220" ncloc="90" classes="1" methods="7" coveredmethods="7" conditionals="0" coveredconditionals="0" statements="54" coveredstatements="54" elements="61" coveredelements="61"/>
      </file>
    </package>
    <package name="Modules\Company\Tests\CompanyTest">
      <file name="D:\Projects\vericheckdemo\workspace\modules\company\src/Tests/CompanyTest.php">
        <class name="Modules\Company\Tests\CompanyTest\CompanyTest" namespace="Modules\Company\Tests\CompanyTest" fullPackage="Company" category="TestCase" package="Company">
          <metrics complexity="6" methods="6" coveredmethods="5" conditionals="0" coveredconditionals="0" statements="32" coveredstatements="28" elements="38" coveredelements="33"/>
        </class>
        <line num="61" type="method" name="setup" visibility="public" complexity="1" crap="1" count="1"/>
        <line num="63" type="stmt" count="1"/>
        <line num="64" type="stmt" count="1"/>
        <line num="65" type="stmt" count="1"/>
        <line num="66" type="stmt" count="1"/>
        <line num="67" type="stmt" count="1"/>
        <line num="68" type="stmt" count="1"/>
        <line num="69" type="stmt" count="1"/>
        <line num="80" type="method" name="testCRUDCompanyApi" visibility="public" complexity="1" crap="1" count="1"/>
        <line num="82" type="stmt" count="1"/>
        <line num="84" type="stmt" count="1"/>
        <line num="85" type="stmt" count="1"/>
        <line num="86" type="stmt" count="1"/>
        <line num="87" type="stmt" count="1"/>
        <line num="88" type="stmt" count="1"/>
        <line num="90" type="stmt" count="1"/>
        <line num="95" type="stmt" count="1"/>
        <line num="96" type="stmt" count="1"/>
        <line num="97" type="stmt" count="1"/>
        <line num="98" type="stmt" count="1"/>
        <line num="109" type="method" name="_listCompanies" visibility="private" complexity="1" crap="1" count="1"/>
        <line num="111" type="stmt" count="1"/>
        <line num="112" type="stmt" count="1"/>
        <line num="113" type="stmt" count="1"/>
        <line num="125" type="method" name="_listCompaniesPagi" visibility="private" complexity="1" crap="1" count="1"/>
        <line num="127" type="stmt" count="1"/>
        <line num="128" type="stmt" count="1"/>
        <line num="129" type="stmt" count="1"/>
        <line num="141" type="method" name="_addCompany" visibility="private" complexity="1" crap="2" count="0"/>
        <line num="143" type="stmt" count="0"/>
        <line num="144" type="stmt" count="0"/>
        <line num="145" type="stmt" count="0"/>
        <line num="146" type="stmt" count="0"/>
        <line num="160" type="method" name="_editCompany" visibility="private" complexity="1" crap="1" count="1"/>
        <line num="162" type="stmt" count="1"/>
        <line num="163" type="stmt" count="1"/>
        <line num="164" type="stmt" count="1"/>
        <line num="165" type="stmt" count="1"/>
        <metrics loc="167" ncloc="66" classes="1" methods="6" coveredmethods="5" conditionals="0" coveredconditionals="0" statements="32" coveredstatements="28" elements="38" coveredelements="33"/>
      </file>
    </package>
    <package name="Modules\Company\Traits\Address">
      <file name="D:\Projects\vericheckdemo\workspace\modules\company\src/Traits/Address/AddCompanyAddress.php">
        <class name="AddCompanyAddress" namespace="Modules\Company\Traits\Address" fullPackage="Address" category="Trait" package="Address">
          <metrics complexity="4" methods="2" coveredmethods="1" conditionals="0" coveredconditionals="0" statements="15" coveredstatements="14" elements="17" coveredelements="15"/>
        </class>
        <line num="61" type="method" name="addCompanyAddress" visibility="public" complexity="2" crap="2.01" count="2"/>
        <line num="66" type="stmt" count="2"/>
        <line num="67" type="stmt" count="2"/>
        <line num="68" type="stmt" count="2"/>
        <line num="70" type="stmt" count="2"/>
        <line num="72" type="stmt" count="2"/>
        <line num="74" type="stmt" count="1"/>
        <line num="75" type="stmt" count="1"/>
        <line num="76" type="stmt" count="1"/>
        <line num="78" type="stmt" count="0"/>
        <line num="94" type="method" name="anonymousFunction:94#265" complexity="1" crap="1" count="2"/>
        <line num="97" type="stmt" count="2"/>
        <line num="101" type="stmt" count="2"/>
        <line num="102" type="stmt" count="2"/>
        <line num="104" type="stmt" count="2"/>
        <line num="106" type="stmt" count="1"/>
        <line num="107" type="stmt" count="2"/>
        <metrics loc="109" ncloc="41" classes="1" methods="2" coveredmethods="1" conditionals="0" coveredconditionals="0" statements="15" coveredstatements="14" elements="17" coveredelements="15"/>
      </file>
      <file name="D:\Projects\vericheckdemo\workspace\modules\company\src/Traits/Address/AddressAttributes.php">
        <class name="AddressAttributes" namespace="Modules\Company\Traits\Address" fullPackage="Company" category="Trait" package="Company">
          <metrics complexity="2" methods="2" coveredmethods="2" conditionals="0" coveredconditionals="0" statements="5" coveredstatements="5" elements="7" coveredelements="7"/>
        </class>
        <line num="53" type="method" name="_setAddressAttributes" visibility="private" complexity="1" crap="1" count="2"/>
        <line num="55" type="stmt" count="2"/>
        <line num="57" type="stmt" count="2"/>
        <line num="70" type="stmt" count="2"/>
        <line num="82" type="method" name="_setAddressAttributeCode" visibility="private" complexity="1" crap="1" count="2"/>
        <line num="84" type="stmt" count="2"/>
        <line num="85" type="stmt" count="2"/>
        <metrics loc="87" ncloc="34" classes="1" methods="2" coveredmethods="2" conditionals="0" coveredconditionals="0" statements="5" coveredstatements="5" elements="7" coveredelements="7"/>
      </file>
      <file name="D:\Projects\vericheckdemo\workspace\modules\company\src/Traits/Address/AddressValidator.php">
        <class name="AddressValidator" namespace="Modules\Company\Traits\Address" fullPackage="Company" category="Trait" package="Company">
          <metrics complexity="2" methods="2" coveredmethods="2" conditionals="0" coveredconditionals="0" statements="10" coveredstatements="10" elements="12" coveredelements="12"/>
        </class>
        <line num="54" type="method" name="_addressValidationRules" visibility="private" complexity="1" crap="1" count="2"/>
        <line num="56" type="stmt" count="2"/>
        <line num="59" type="stmt" count="2"/>
        <line num="60" type="stmt" count="2"/>
        <line num="61" type="stmt" count="2"/>
        <line num="62" type="stmt" count="2"/>
        <line num="63" type="stmt" count="2"/>
        <line num="64" type="stmt" count="2"/>
        <line num="65" type="stmt" count="2"/>
        <line num="68" type="stmt" count="2"/>
        <line num="80" type="method" name="_addressValidationMessage" visibility="private" complexity="1" crap="1" count="2"/>
        <line num="83" type="stmt" count="2"/>
        <metrics loc="86" ncloc="33" classes="1" methods="2" coveredmethods="2" conditionals="0" coveredconditionals="0" statements="10" coveredstatements="10" elements="12" coveredelements="12"/>
      </file>
      <file name="D:\Projects\vericheckdemo\workspace\modules\company\src/Traits/Address/DeleteCompanyAddress.php">
        <class name="DeleteCompanyAddress" namespace="Modules\Company\Traits\Address" fullPackage="Company" category="Trait" package="Company">
          <metrics complexity="3" methods="1" coveredmethods="0" conditionals="0" coveredconditionals="0" statements="10" coveredstatements="7" elements="11" coveredelements="7"/>
        </class>
        <line num="59" type="method" name="deleteCompanyAddress" visibility="public" complexity="3" crap="3.24" count="2"/>
        <line num="62" type="stmt" count="2"/>
        <line num="63" type="stmt" count="2"/>
        <line num="64" type="stmt" count="1"/>
        <line num="66" type="stmt" count="1"/>
        <line num="67" type="stmt" count="0"/>
        <line num="69" type="stmt" count="1"/>
        <line num="70" type="stmt" count="1"/>
        <line num="71" type="stmt" count="1"/>
        <line num="72" type="stmt" count="0"/>
        <line num="74" type="stmt" count="0"/>
        <metrics loc="75" ncloc="20" classes="1" methods="1" coveredmethods="0" conditionals="0" coveredconditionals="0" statements="10" coveredstatements="7" elements="11" coveredelements="7"/>
      </file>
      <file name="D:\Projects\vericheckdemo\workspace\modules\company\src/Traits/Address/ListCompanyAddress.php">
        <class name="ListCompanyAddress" namespace="Modules\Company\Traits\Address" fullPackage="Company" category="Trait" package="Company">
          <metrics complexity="2" methods="1" coveredmethods="0" conditionals="0" coveredconditionals="0" statements="10" coveredstatements="0" elements="11" coveredelements="0"/>
        </class>
        <line num="63" type="method" name="listCompanyAddress" visibility="public" complexity="2" crap="6" count="0"/>
        <line num="66" type="stmt" count="0"/>
        <line num="68" type="stmt" count="0"/>
        <line num="71" type="stmt" count="0"/>
        <line num="73" type="stmt" count="0"/>
        <line num="74" type="stmt" count="0"/>
        <line num="75" type="stmt" count="0"/>
        <line num="77" type="stmt" count="0"/>
        <line num="78" type="stmt" count="0"/>
        <line num="79" type="stmt" count="0"/>
        <line num="81" type="stmt" count="0"/>
        <metrics loc="82" ncloc="31" classes="1" methods="1" coveredmethods="0" conditionals="0" coveredconditionals="0" statements="10" coveredstatements="0" elements="11" coveredelements="0"/>
      </file>
      <file name="D:\Projects\vericheckdemo\workspace\modules\company\src/Traits/Address/ShowCompanyAddress.php">
        <class name="ShowCompanyAddress" namespace="Modules\Company\Traits\Address" fullPackage="Company" category="Trait" package="Company">
          <metrics complexity="3" methods="1" coveredmethods="0" conditionals="0" coveredconditionals="0" statements="9" coveredstatements="0" elements="10" coveredelements="0"/>
        </class>
        <line num="60" type="method" name="showCompanyAddress" visibility="public" complexity="3" crap="12" count="0"/>
        <line num="63" type="stmt" count="0"/>
        <line num="64" type="stmt" count="0"/>
        <line num="65" type="stmt" count="0"/>
        <line num="67" type="stmt" count="0"/>
        <line num="68" type="stmt" count="0"/>
        <line num="71" type="stmt" count="0"/>
        <line num="72" type="stmt" count="0"/>
        <line num="73" type="stmt" count="0"/>
        <line num="75" type="stmt" count="0"/>
        <metrics loc="76" ncloc="23" classes="1" methods="1" coveredmethods="0" conditionals="0" coveredconditionals="0" statements="9" coveredstatements="0" elements="10" coveredelements="0"/>
      </file>
      <file name="D:\Projects\vericheckdemo\workspace\modules\company\src/Traits/Address/UpdateCompanyAddress.php">
        <class name="UpdateCompanyAddress" namespace="Modules\Company\Traits\Address" fullPackage="Company" category="Trait" package="Company">
          <metrics complexity="3" methods="1" coveredmethods="0" conditionals="0" coveredconditionals="0" statements="14" coveredstatements="11" elements="15" coveredelements="11"/>
        </class>
        <line num="65" type="method" name="updateCompanyAddress" visibility="public" complexity="3" crap="3.09" count="2"/>
        <line num="68" type="stmt" count="2"/>
        <line num="69" type="stmt" count="2"/>
        <line num="70" type="stmt" count="1"/>
        <line num="71" type="stmt" count="1"/>
        <line num="72" type="stmt" count="1"/>
        <line num="73" type="stmt" count="0"/>
        <line num="75" type="stmt" count="1"/>
        <line num="76" type="stmt" count="1"/>
        <line num="77" type="stmt" count="1"/>
        <line num="79" type="stmt" count="1"/>
        <line num="81" type="stmt" count="1"/>
        <line num="82" type="stmt" count="1"/>
        <line num="83" type="stmt" count="0"/>
        <line num="85" type="stmt" count="0"/>
        <metrics loc="86" ncloc="30" classes="1" methods="1" coveredmethods="0" conditionals="0" coveredconditionals="0" statements="14" coveredstatements="11" elements="15" coveredelements="11"/>
      </file>
    </package>
    <package name="Modules\Company\Traits\AmendmentNote">
      <file name="D:\Projects\vericheckdemo\workspace\modules\company\src/Traits/AmendmentNote/AddNote.php">
        <class name="AddNote" namespace="Modules\Company\Traits\AmendmentNote" fullPackage="Company" category="Trait" package="Company">
          <metrics complexity="38" methods="7" coveredmethods="1" conditionals="0" coveredconditionals="0" statements="71" coveredstatements="5" elements="78" coveredelements="6"/>
        </class>
        <line num="63" type="method" name="addNote" visibility="public" complexity="7" crap="56" count="0"/>
        <line num="65" type="stmt" count="0"/>
        <line num="66" type="stmt" count="0"/>
        <line num="69" type="stmt" count="0"/>
        <line num="71" type="stmt" count="0"/>
        <line num="72" type="stmt" count="0"/>
        <line num="75" type="stmt" count="0"/>
        <line num="76" type="stmt" count="0"/>
        <line num="78" type="stmt" count="0"/>
        <line num="80" type="stmt" count="0"/>
        <line num="81" type="stmt" count="0"/>
        <line num="82" type="stmt" count="0"/>
        <line num="83" type="stmt" count="0"/>
        <line num="85" type="stmt" count="0"/>
        <line num="86" type="stmt" count="0"/>
        <line num="88" type="stmt" count="0"/>
        <line num="102" type="method" name="_processNoteData" visibility="private" complexity="4" crap="20" count="0"/>
        <line num="104" type="stmt" count="0"/>
        <line num="105" type="stmt" count="0"/>
        <line num="106" type="stmt" count="0"/>
        <line num="107" type="stmt" count="0"/>
        <line num="108" type="stmt" count="0"/>
        <line num="109" type="stmt" count="0"/>
        <line num="110" type="stmt" count="0"/>
        <line num="111" type="stmt" count="0"/>
        <line num="112" type="stmt" count="0"/>
        <line num="114" type="stmt" count="0"/>
        <line num="118" type="stmt" count="0"/>
        <line num="132" type="method" name="_unsetKeys" visibility="private" complexity="3" crap="12" count="0"/>
        <line num="134" type="stmt" count="0"/>
        <line num="135" type="stmt" count="0"/>
        <line num="136" type="stmt" count="0"/>
        <line num="140" type="stmt" count="0"/>
        <line num="155" type="method" name="arrayDiffAssocRecursive" visibility="public" complexity="12" crap="156" count="0"/>
        <line num="158" type="stmt" count="0"/>
        <line num="159" type="stmt" count="0"/>
        <line num="160" type="stmt" count="0"/>
        <line num="161" type="stmt" count="0"/>
        <line num="162" type="stmt" count="0"/>
        <line num="163" type="stmt" count="0"/>
        <line num="165" type="stmt" count="0"/>
        <line num="166" type="stmt" count="0"/>
        <line num="167" type="stmt" count="0"/>
        <line num="170" type="stmt" count="0"/>
        <line num="171" type="stmt" count="0"/>
        <line num="174" type="stmt" count="0"/>
        <line num="189" type="method" name="getDifference" visibility="public" complexity="3" crap="3" count="1"/>
        <line num="191" type="stmt" count="1"/>
        <line num="192" type="stmt" count="1"/>
        <line num="193" type="stmt" count="1"/>
        <line num="194" type="stmt" count="1"/>
        <line num="197" type="stmt" count="1"/>
        <line num="215" type="method" name="createNote" visibility="public" complexity="3" crap="12" count="0"/>
        <line num="217" type="stmt" count="0"/>
        <line num="218" type="stmt" count="0"/>
        <line num="219" type="stmt" count="0"/>
        <line num="220" type="stmt" count="0"/>
        <line num="222" type="stmt" count="0"/>
        <line num="223" type="stmt" count="0"/>
        <line num="224" type="stmt" count="0"/>
        <line num="225" type="stmt" count="0"/>
        <line num="226" type="stmt" count="0"/>
        <line num="227" type="stmt" count="0"/>
        <line num="228" type="stmt" count="0"/>
        <line num="229" type="stmt" count="0"/>
        <line num="230" type="stmt" count="0"/>
        <line num="232" type="stmt" count="0"/>
        <line num="245" type="method" name="_setNotesData" visibility="private" complexity="6" crap="42" count="0"/>
        <line num="247" type="stmt" count="0"/>
        <line num="248" type="stmt" count="0"/>
        <line num="249" type="stmt" count="0"/>
        <line num="250" type="stmt" count="0"/>
        <line num="252" type="stmt" count="0"/>
        <line num="253" type="stmt" count="0"/>
        <line num="255" type="stmt" count="0"/>
        <line num="256" type="stmt" count="0"/>
        <line num="257" type="stmt" count="0"/>
        <line num="259" type="stmt" count="0"/>
        <metrics loc="261" ncloc="132" classes="1" methods="7" coveredmethods="1" conditionals="0" coveredconditionals="0" statements="71" coveredstatements="5" elements="78" coveredelements="6"/>
      </file>
      <file name="D:\Projects\vericheckdemo\workspace\modules\company\src/Traits/AmendmentNote/ShowAmendmentNotes.php">
        <class name="ShowAmendmentNotes" namespace="Modules\Company\Traits\AmendmentNote" fullPackage="Company" category="Trait" package="Company">
          <metrics complexity="2" methods="1" coveredmethods="0" conditionals="0" coveredconditionals="0" statements="8" coveredstatements="0" elements="9" coveredelements="0"/>
        </class>
        <line num="57" type="method" name="showAmendmentNotes" visibility="public" complexity="2" crap="6" count="0"/>
        <line num="61" type="stmt" count="0"/>
        <line num="62" type="stmt" count="0"/>
        <line num="64" type="stmt" count="0"/>
        <line num="65" type="stmt" count="0"/>
        <line num="67" type="stmt" count="0"/>
        <line num="68" type="stmt" count="0"/>
        <line num="69" type="stmt" count="0"/>
        <line num="71" type="stmt" count="0"/>
        <metrics loc="72" ncloc="24" classes="1" methods="1" coveredmethods="0" conditionals="0" coveredconditionals="0" statements="8" coveredstatements="0" elements="9" coveredelements="0"/>
      </file>
    </package>
    <package name="Modules\Company\Traits\Company">
      <file name="D:\Projects\vericheckdemo\workspace\modules\company\src/Traits/Company/AddCompany.php">
        <class name="AddCompany" namespace="Modules\Company\Traits\Company" fullPackage="Company" category="Trait" package="Company">
          <metrics complexity="2" methods="1" coveredmethods="0" conditionals="0" coveredconditionals="0" statements="8" coveredstatements="5" elements="9" coveredelements="5"/>
        </class>
        <line num="56" type="method" name="addCompany" visibility="public" complexity="2" crap="2.21" count="2"/>
        <line num="59" type="stmt" count="2"/>
        <line num="60" type="stmt" count="2"/>
        <line num="61" type="stmt" count="2"/>
        <line num="62" type="stmt" count="2"/>
        <line num="63" type="stmt" count="2"/>
        <line num="64" type="stmt" count="0"/>
        <line num="65" type="stmt" count="0"/>
        <line num="67" type="stmt" count="0"/>
        <metrics loc="68" ncloc="22" classes="1" methods="1" coveredmethods="0" conditionals="0" coveredconditionals="0" statements="8" coveredstatements="5" elements="9" coveredelements="5"/>
      </file>
      <file name="D:\Projects\vericheckdemo\workspace\modules\company\src/Traits/Company/CompanyActivateDeactivate.php">
        <class name="CompanyActivateDeactivate" namespace="Modules\Company\Traits\Company" fullPackage="Company" category="Trait" package="Company">
          <metrics complexity="8" methods="2" coveredmethods="0" conditionals="0" coveredconditionals="0" statements="15" coveredstatements="0" elements="17" coveredelements="0"/>
        </class>
        <line num="59" type="method" name="activateOrDeactivate" visibility="public" complexity="5" crap="30" count="0"/>
        <line num="62" type="stmt" count="0"/>
        <line num="64" type="stmt" count="0"/>
        <line num="65" type="stmt" count="0"/>
        <line num="66" type="stmt" count="0"/>
        <line num="67" type="stmt" count="0"/>
        <line num="68" type="stmt" count="0"/>
        <line num="69" type="stmt" count="0"/>
        <line num="72" type="stmt" count="0"/>
        <line num="73" type="stmt" count="0"/>
        <line num="74" type="stmt" count="0"/>
        <line num="75" type="stmt" count="0"/>
        <line num="77" type="stmt" count="0"/>
        <line num="90" type="method" name="_checkValidDeactivationReason" visibility="private" complexity="3" crap="12" count="0"/>
        <line num="92" type="stmt" count="0"/>
        <line num="93" type="stmt" count="0"/>
        <line num="95" type="stmt" count="0"/>
        <metrics loc="97" ncloc="34" classes="1" methods="2" coveredmethods="0" conditionals="0" coveredconditionals="0" statements="15" coveredstatements="0" elements="17" coveredelements="0"/>
      </file>
      <file name="D:\Projects\vericheckdemo\workspace\modules\company\src/Traits/Company/CompanyAttributes.php">
        <class name="CompanyAttributes" namespace="Modules\Company\Traits\Company" fullPackage="Company" category="Trait" package="Company">
          <metrics complexity="2" methods="2" coveredmethods="2" conditionals="0" coveredconditionals="0" statements="3" coveredstatements="3" elements="5" coveredelements="5"/>
        </class>
        <line num="54" type="method" name="_setAttributes" visibility="private" complexity="1" crap="1" count="2"/>
        <line num="57" type="stmt" count="2"/>
        <line num="74" type="method" name="_setAttributeCode" visibility="private" complexity="1" crap="1" count="2"/>
        <line num="76" type="stmt" count="2"/>
        <line num="77" type="stmt" count="2"/>
        <metrics loc="79" ncloc="26" classes="1" methods="2" coveredmethods="2" conditionals="0" coveredconditionals="0" statements="3" coveredstatements="3" elements="5" coveredelements="5"/>
      </file>
      <file name="D:\Projects\vericheckdemo\workspace\modules\company\src/Traits/Company/CompanyRelationships.php">
        <class name="CompanyRelationships" namespace="Modules\Company\Traits\Company" fullPackage="Company" category="Trait" package="Company">
          <metrics complexity="4" methods="1" coveredmethods="0" conditionals="0" coveredconditionals="0" statements="13" coveredstatements="0" elements="14" coveredelements="0"/>
        </class>
        <line num="61" type="method" name="includeCompanySecCodes" visibility="public" complexity="4" crap="20" count="0"/>
        <line num="64" type="stmt" count="0"/>
        <line num="65" type="stmt" count="0"/>
        <line num="67" type="stmt" count="0"/>
        <line num="69" type="stmt" count="0"/>
        <line num="70" type="stmt" count="0"/>
        <line num="71" type="stmt" count="0"/>
        <line num="72" type="stmt" count="0"/>
        <line num="73" type="stmt" count="0"/>
        <line num="74" type="stmt" count="0"/>
        <line num="78" type="stmt" count="0"/>
        <line num="79" type="stmt" count="0"/>
        <line num="80" type="stmt" count="0"/>
        <line num="82" type="stmt" count="0"/>
        <metrics loc="83" ncloc="37" classes="1" methods="1" coveredmethods="0" conditionals="0" coveredconditionals="0" statements="13" coveredstatements="0" elements="14" coveredelements="0"/>
      </file>
      <file name="D:\Projects\vericheckdemo\workspace\modules\company\src/Traits/Company/CompanyValidator.php">
        <class name="CompanyValidator" namespace="Modules\Company\Traits\Company" fullPackage="Company" category="Trait" package="Company">
          <metrics complexity="5" methods="3" coveredmethods="3" conditionals="0" coveredconditionals="0" statements="10" coveredstatements="10" elements="13" coveredelements="13"/>
        </class>
        <line num="59" type="method" name="_validationRules" visibility="private" complexity="1" crap="1" count="2"/>
        <line num="62" type="stmt" count="2"/>
        <line num="63" type="stmt" count="2"/>
        <line num="64" type="stmt" count="2"/>
        <line num="65" type="stmt" count="2"/>
        <line num="81" type="method" name="_basicRules" visibility="private" complexity="3" crap="3" count="2"/>
        <line num="83" type="stmt" count="2"/>
        <line num="85" type="stmt" count="2"/>
        <line num="86" type="stmt" count="2"/>
        <line num="87" type="stmt" count="2"/>
        <line num="88" type="stmt" count="2"/>
        <line num="101" type="method" name="_validationMessage" visibility="private" complexity="1" crap="1" count="2"/>
        <line num="104" type="stmt" count="2"/>
        <metrics loc="114" ncloc="44" classes="1" methods="3" coveredmethods="3" conditionals="0" coveredconditionals="0" statements="10" coveredstatements="10" elements="13" coveredelements="13"/>
      </file>
      <file name="D:\Projects\vericheckdemo\workspace\modules\company\src/Traits/Company/ListCompany.php">
        <class name="ListCompany" namespace="Modules\Company\Traits\Company" fullPackage="Company" category="Trait" package="Company">
          <metrics complexity="5" methods="2" coveredmethods="0" conditionals="0" coveredconditionals="0" statements="15" coveredstatements="0" elements="17" coveredelements="0"/>
        </class>
        <line num="62" type="method" name="listCompany" visibility="public" complexity="2" crap="6" count="0"/>
        <line num="65" type="stmt" count="0"/>
        <line num="66" type="stmt" count="0"/>
        <line num="67" type="stmt" count="0"/>
        <line num="68" type="stmt" count="0"/>
        <line num="69" type="stmt" count="0"/>
        <line num="70" type="stmt" count="0"/>
        <line num="71" type="stmt" count="0"/>
        <line num="72" type="stmt" count="0"/>
        <line num="73" type="stmt" count="0"/>
        <line num="74" type="stmt" count="0"/>
        <line num="76" type="stmt" count="0"/>
        <line num="89" type="method" name="_getTokenValue" visibility="private" complexity="3" crap="12" count="0"/>
        <line num="92" type="stmt" count="0"/>
        <line num="93" type="stmt" count="0"/>
        <line num="94" type="stmt" count="0"/>
        <line num="98" type="stmt" count="0"/>
        <metrics loc="100" ncloc="41" classes="1" methods="2" coveredmethods="0" conditionals="0" coveredconditionals="0" statements="15" coveredstatements="0" elements="17" coveredelements="0"/>
      </file>
      <file name="D:\Projects\vericheckdemo\workspace\modules\company\src/Traits/Company/ShowCompany.php">
        <class name="ShowCompany" namespace="Modules\Company\Traits\Company" fullPackage="Company" category="Trait" package="Company">
          <metrics complexity="2" methods="1" coveredmethods="0" conditionals="0" coveredconditionals="0" statements="5" coveredstatements="0" elements="6" coveredelements="0"/>
        </class>
        <line num="56" type="method" name="showCompany" visibility="public" complexity="2" crap="6" count="0"/>
        <line num="60" type="stmt" count="0"/>
        <line num="62" type="stmt" count="0"/>
        <line num="63" type="stmt" count="0"/>
        <line num="64" type="stmt" count="0"/>
        <line num="66" type="stmt" count="0"/>
        <metrics loc="67" ncloc="19" classes="1" methods="1" coveredmethods="0" conditionals="0" coveredconditionals="0" statements="5" coveredstatements="0" elements="6" coveredelements="0"/>
      </file>
      <file name="D:\Projects\vericheckdemo\workspace\modules\company\src/Traits/Company/UpdateCompany.php">
        <class name="UpdateCompany" namespace="Modules\Company\Traits\Company" fullPackage="Company" category="Trait" package="Company">
          <metrics complexity="4" methods="2" coveredmethods="1" conditionals="0" coveredconditionals="0" statements="13" coveredstatements="10" elements="15" coveredelements="11"/>
        </class>
        <line num="60" type="method" name="updateCompany" visibility="public" complexity="2" crap="2.15" count="1"/>
        <line num="64" type="stmt" count="1"/>
        <line num="65" type="stmt" count="1"/>
        <line num="66" type="stmt" count="1"/>
        <line num="67" type="stmt" count="1"/>
        <line num="69" type="stmt" count="1"/>
        <line num="71" type="stmt" count="1"/>
        <line num="72" type="stmt" count="0"/>
        <line num="73" type="stmt" count="0"/>
        <line num="75" type="stmt" count="0"/>
        <line num="93" type="method" name="anonymousFunction:93#267" complexity="1" crap="1" count="1"/>
        <line num="94" type="stmt" count="1"/>
        <line num="95" type="stmt" count="1"/>
        <line num="96" type="stmt" count="1"/>
        <line num="97" type="stmt" count="1"/>
        <metrics loc="99" ncloc="37" classes="1" methods="2" coveredmethods="1" conditionals="0" coveredconditionals="0" statements="13" coveredstatements="10" elements="15" coveredelements="11"/>
      </file>
    </package>
    <package name="Modules\Company\Transformers">
      <file name="D:\Projects\vericheckdemo\workspace\modules\company\src/Transformers/AddressTransformer.php">
        <class name="Modules\Company\Transformers\AddressTransformer" namespace="Modules\Company\Transformers" fullPackage="Company_Address" category="Transformer" package="Company_Address">
          <metrics complexity="3" methods="3" coveredmethods="3" conditionals="0" coveredconditionals="0" statements="19" coveredstatements="19" elements="22" coveredelements="22"/>
        </class>
        <line num="59" type="method" name="transform" visibility="public" complexity="1" crap="1" count="1"/>
        <line num="62" type="stmt" count="1"/>
        <line num="63" type="stmt" count="1"/>
        <line num="64" type="stmt" count="1"/>
        <line num="65" type="stmt" count="1"/>
        <line num="66" type="stmt" count="1"/>
        <line num="67" type="stmt" count="1"/>
        <line num="68" type="stmt" count="1"/>
        <line num="69" type="stmt" count="1"/>
        <line num="70" type="stmt" count="1"/>
        <line num="71" type="stmt" count="1"/>
        <line num="72" type="stmt" count="1"/>
        <line num="73" type="stmt" count="1"/>
        <line num="74" type="stmt" count="1"/>
        <line num="75" type="stmt" count="1"/>
        <line num="76" type="stmt" count="1"/>
        <line num="91" type="method" name="transformRequestParameters" visibility="public" complexity="1" crap="1" count="2"/>
        <line num="93" type="stmt" count="2"/>
        <line num="94" type="stmt" count="2"/>
        <line num="95" type="stmt" count="2"/>
        <line num="107" type="method" name="addressTransformRequest" visibility="public" complexity="1" crap="1" count="2"/>
        <line num="110" type="stmt" count="2"/>
        <metrics loc="127" ncloc="61" classes="1" methods="3" coveredmethods="3" conditionals="0" coveredconditionals="0" statements="19" coveredstatements="19" elements="22" coveredelements="22"/>
      </file>
      <file name="D:\Projects\vericheckdemo\workspace\modules\company\src/Transformers/AmendmentNoteTransformer.php">
        <class name="Modules\Company\Transformers\AmendmentNoteTransformer" namespace="Modules\Company\Transformers" fullPackage="Company" category="Transformer" package="Company">
          <metrics complexity="3" methods="3" coveredmethods="0" conditionals="0" coveredconditionals="0" statements="14" coveredstatements="0" elements="17" coveredelements="0"/>
        </class>
        <line num="60" type="method" name="transform" visibility="public" complexity="1" crap="2" count="0"/>
        <line num="64" type="stmt" count="0"/>
        <line num="65" type="stmt" count="0"/>
        <line num="66" type="stmt" count="0"/>
        <line num="67" type="stmt" count="0"/>
        <line num="68" type="stmt" count="0"/>
        <line num="69" type="stmt" count="0"/>
        <line num="70" type="stmt" count="0"/>
        <line num="71" type="stmt" count="0"/>
        <line num="72" type="stmt" count="0"/>
        <line num="73" type="stmt" count="0"/>
        <line num="76" type="stmt" count="0"/>
        <line num="90" type="method" name="transformRequestParameters" visibility="public" complexity="1" crap="2" count="0"/>
        <line num="92" type="stmt" count="0"/>
        <line num="93" type="stmt" count="0"/>
        <line num="105" type="method" name="amendmentNoteTransformRequest" visibility="public" complexity="1" crap="2" count="0"/>
        <line num="108" type="stmt" count="0"/>
        <metrics loc="119" ncloc="53" classes="1" methods="3" coveredmethods="0" conditionals="0" coveredconditionals="0" statements="14" coveredstatements="0" elements="17" coveredelements="0"/>
      </file>
      <file name="D:\Projects\vericheckdemo\workspace\modules\company\src/Transformers/CompanyAddressTransformer.php">
        <class name="Modules\Company\Transformers\CompanyAddressTransformer" namespace="Modules\Company\Transformers" fullPackage="CompanyAddressTransformer" category="Transformer" package="CompanyAddressTransformer">
          <metrics complexity="1" methods="1" coveredmethods="0" conditionals="0" coveredconditionals="0" statements="3" coveredstatements="0" elements="4" coveredelements="0"/>
        </class>
        <line num="56" type="method" name="transform" visibility="public" complexity="1" crap="2" count="0"/>
        <line num="59" type="stmt" count="0"/>
        <line num="60" type="stmt" count="0"/>
        <line num="61" type="stmt" count="0"/>
        <metrics loc="64" ncloc="18" classes="1" methods="1" coveredmethods="0" conditionals="0" coveredconditionals="0" statements="3" coveredstatements="0" elements="4" coveredelements="0"/>
      </file>
      <file name="D:\Projects\vericheckdemo\workspace\modules\company\src/Transformers/CompanyTransformer.php">
        <class name="Modules\Company\Transformers\CompanyTransformer" namespace="Modules\Company\Transformers" fullPackage="CompanyTransformer" category="Transformer" package="CompanyTransformer">
          <metrics complexity="3" methods="3" coveredmethods="3" conditionals="0" coveredconditionals="0" statements="10" coveredstatements="10" elements="13" coveredelements="13"/>
        </class>
        <line num="62" type="method" name="transform" visibility="public" complexity="1" crap="1" count="2"/>
        <line num="64" type="stmt" count="2"/>
        <line num="65" type="stmt" count="2"/>
        <line num="66" type="stmt" count="2"/>
        <line num="67" type="stmt" count="2"/>
        <line num="68" type="stmt" count="2"/>
        <line num="71" type="stmt" count="2"/>
        <line num="85" type="method" name="transformRequestParameters" visibility="public" complexity="1" crap="1" count="2"/>
        <line num="87" type="stmt" count="2"/>
        <line num="88" type="stmt" count="2"/>
        <line num="89" type="stmt" count="2"/>
        <line num="101" type="method" name="transformRequest" visibility="public" complexity="1" crap="1" count="2"/>
        <line num="103" type="stmt" count="2"/>
        <metrics loc="110" ncloc="44" classes="1" methods="3" coveredmethods="3" conditionals="0" coveredconditionals="0" statements="10" coveredstatements="10" elements="13" coveredelements="13"/>
      </file>
    </package>
    <metrics files="50" loc="5929" ncloc="1860" classes="32" methods="115" coveredmethods="48" conditionals="0" coveredconditionals="0" statements="549" coveredstatements="230" elements="664" coveredelements="278"/>
  </project>
</coverage>
